0 info it worked if it ends with ok
1 verbose cli [ 'c:\\Program Files\\nodejs\\node.exe',
1 verbose cli   'c:\\Program Files\\nodejs\\node_modules\\npm\\bin\\npm-cli.js',
1 verbose cli   'install',
1 verbose cli   '-g',
1 verbose cli   'tig' ]
2 info using npm@1.3.8
3 info using node@v0.10.18
4 verbose cache add [ 'tig', null ]
5 verbose cache add name=undefined spec="tig" args=["tig",null]
6 verbose parsed url { protocol: null,
6 verbose parsed url   slashes: null,
6 verbose parsed url   auth: null,
6 verbose parsed url   host: null,
6 verbose parsed url   port: null,
6 verbose parsed url   hostname: null,
6 verbose parsed url   hash: null,
6 verbose parsed url   search: null,
6 verbose parsed url   query: null,
6 verbose parsed url   pathname: 'tig',
6 verbose parsed url   path: 'tig',
6 verbose parsed url   href: 'tig' }
7 silly lockFile ab58dc7e-tig tig
8 verbose lock tig C:\Users\Andrew\AppData\Roaming\npm-cache\ab58dc7e-tig.lock
9 silly lockFile ab58dc7e-tig tig
10 silly lockFile ab58dc7e-tig tig
11 verbose addNamed [ 'tig', '' ]
12 verbose addNamed [ null, '*' ]
13 silly lockFile a1a15a28-tig tig@
14 verbose lock tig@ C:\Users\Andrew\AppData\Roaming\npm-cache\a1a15a28-tig.lock
15 silly addNameRange { name: 'tig', range: '*', hasData: false }
16 verbose url raw tig
17 verbose url resolving [ 'https://registry.npmjs.org/', './tig' ]
18 verbose url resolved https://registry.npmjs.org/tig
19 info trying registry request attempt 1 at 12:24:32
20 http GET https://registry.npmjs.org/tig
21 http 404 https://registry.npmjs.org/tig
22 silly registry.get cb [ 404,
22 silly registry.get   { date: 'Wed, 08 Oct 2014 11:29:28 GMT',
22 silly registry.get     server: 'CouchDB/1.5.0 (Erlang OTP/R16B03)',
22 silly registry.get     'content-type': 'application/json',
22 silly registry.get     'cache-control': 'max-age=0',
22 silly registry.get     'content-length': '52',
22 silly registry.get     'accept-ranges': 'bytes',
22 silly registry.get     via: '1.1 varnish',
22 silly registry.get     age: '0',
22 silly registry.get     'x-served-by': 'cache-lcy1124-LCY',
22 silly registry.get     'x-cache': 'MISS',
22 silly registry.get     'x-cache-hits': '0',
22 silly registry.get     'x-timer': 'S1412767768.636643,VS0,VE163',
22 silly registry.get     'keep-alive': 'timeout=10, max=50',
22 silly registry.get     connection: 'Keep-Alive' } ]
23 silly lockFile a1a15a28-tig tig@
24 silly lockFile a1a15a28-tig tig@
25 error 404 'tig' is not in the npm registry.
25 error 404 You should bug the author to publish it
25 error 404
25 error 404 Note that you can also install from a
25 error 404 tarball, folder, or http url, or git url.
26 error System Windows_NT 6.2.9200
27 error command "c:\\Program Files\\nodejs\\node.exe" "c:\\Program Files\\nodejs\\node_modules\\npm\\bin\\npm-cli.js" "install" "-g" "tig"
28 error cwd c:\Users\Andrew\Dropbox\Projects\Archon
29 error node -v v0.10.18
30 error npm -v 1.3.8
31 error code E404
32 verbose exit [ 1, true ]
